{
  "RSpec": {
    "coverage": {
      "/Users/elliotolbright/turing/mod4/cap-stone/your_epk_be/app/models/film_epk.rb": {
        "lines": [
          1,
          1,
          null
        ]
      },
      "/Users/elliotolbright/turing/mod4/cap-stone/your_epk_be/app/models/application_record.rb": {
        "lines": [
          1,
          1,
          null
        ]
      },
      "/Users/elliotolbright/turing/mod4/cap-stone/your_epk_be/app/models/user.rb": {
        "lines": [
          1,
          1,
          1,
          null
        ]
      },
      "/Users/elliotolbright/turing/mod4/cap-stone/your_epk_be/app/controllers/api/v1/movie_details_controller.rb": {
        "lines": [
          1,
          null,
          1,
          null,
          1,
          null,
          1,
          null,
          1,
          1,
          null,
          0,
          null,
          null,
          null,
          1,
          null,
          1,
          2,
          null,
          null,
          null,
          null,
          null,
          null,
          null,
          null,
          null,
          null,
          null,
          null,
          null,
          null
        ]
      },
      "/Users/elliotolbright/turing/mod4/cap-stone/your_epk_be/app/controllers/application_controller.rb": {
        "lines": [
          1,
          null
        ]
      },
      "/Users/elliotolbright/turing/mod4/cap-stone/your_epk_be/app/serializers/movie_details_serializer.rb": {
        "lines": [
          1,
          1,
          1,
          1,
          null,
          null,
          null,
          null,
          null,
          null,
          null,
          null,
          null,
          null,
          null
        ]
      },
      "/Users/elliotolbright/turing/mod4/cap-stone/your_epk_be/app/controllers/api/v1/sessions_controller.rb": {
        "lines": [
          1,
          null,
          1,
          0,
          null,
          null,
          1,
          1,
          null,
          1,
          1,
          null,
          0,
          null,
          null,
          null,
          1,
          null,
          1,
          2,
          null,
          null,
          null
        ]
      },
      "/Users/elliotolbright/turing/mod4/cap-stone/your_epk_be/app/serializers/user_serializer.rb": {
        "lines": [
          1,
          1,
          1,
          null,
          null
        ]
      },
      "/Users/elliotolbright/turing/mod4/cap-stone/your_epk_be/app/mailers/application_mailer.rb": {
        "lines": [
          0,
          0,
          0,
          0
        ],
        "branches": {
        }
      },
      "/Users/elliotolbright/turing/mod4/cap-stone/your_epk_be/app/jobs/application_job.rb": {
        "lines": [
          0,
          0
        ],
        "branches": {
        }
      },
      "/Users/elliotolbright/turing/mod4/cap-stone/your_epk_be/app/controllers/welcome_controller.rb": {
        "lines": [
          0,
          null,
          0,
          null,
          0,
          0
        ],
        "branches": {
        }
      },
      "/Users/elliotolbright/turing/mod4/cap-stone/your_epk_be/app/channels/application_cable/connection.rb": {
        "lines": [
          0,
          0,
          0,
          0
        ],
        "branches": {
        }
      },
      "/Users/elliotolbright/turing/mod4/cap-stone/your_epk_be/app/channels/application_cable/channel.rb": {
        "lines": [
          0,
          0,
          0,
          0
        ],
        "branches": {
        }
      }
    },
    "timestamp": 1634408474
  }
}
